0 info it worked if it ends with ok
1 verbose cli [ '/usr/local/Cellar/node/0.10.25/bin/node',
1 verbose cli   '/usr/local/bin/npm',
1 verbose cli   'install',
1 verbose cli   '-g',
1 verbose cli   'socket.ioxv' ]
2 info using npm@1.3.24
3 info using node@v0.10.25
4 verbose cache add [ 'socket.ioxv', null ]
5 verbose cache add name=undefined spec="socket.ioxv" args=["socket.ioxv",null]
6 verbose parsed url { protocol: null,
6 verbose parsed url   slashes: null,
6 verbose parsed url   auth: null,
6 verbose parsed url   host: null,
6 verbose parsed url   port: null,
6 verbose parsed url   hostname: null,
6 verbose parsed url   hash: null,
6 verbose parsed url   search: null,
6 verbose parsed url   query: null,
6 verbose parsed url   pathname: 'socket.ioxv',
6 verbose parsed url   path: 'socket.ioxv',
6 verbose parsed url   href: 'socket.ioxv' }
7 silly lockFile a6a8640f-socket-ioxv socket.ioxv
8 verbose lock socket.ioxv /Users/m/.npm/a6a8640f-socket-ioxv.lock
9 silly lockFile a6a8640f-socket-ioxv socket.ioxv
10 silly lockFile a6a8640f-socket-ioxv socket.ioxv
11 verbose addNamed [ 'socket.ioxv', '' ]
12 verbose addNamed [ null, '*' ]
13 silly lockFile d1102a36-socket-ioxv socket.ioxv@
14 verbose lock socket.ioxv@ /Users/m/.npm/d1102a36-socket-ioxv.lock
15 silly addNameRange { name: 'socket.ioxv', range: '*', hasData: false }
16 verbose url raw socket.ioxv
17 verbose url resolving [ 'https://registry.npmjs.org/', './socket.ioxv' ]
18 verbose url resolved https://registry.npmjs.org/socket.ioxv
19 info trying registry request attempt 1 at 22:59:48
20 http GET https://registry.npmjs.org/socket.ioxv
21 http 404 https://registry.npmjs.org/socket.ioxv
22 silly registry.get cb [ 404,
22 silly registry.get   { date: 'Wed, 16 Apr 2014 20:59:47 GMT',
22 silly registry.get     server: 'CouchDB/1.5.0 (Erlang OTP/R14B04)',
22 silly registry.get     'content-type': 'application/json',
22 silly registry.get     via: '1.1 varnish',
22 silly registry.get     'cache-control': 'max-age=0',
22 silly registry.get     'content-length': '52',
22 silly registry.get     'accept-ranges': 'bytes',
22 silly registry.get     age: '0',
22 silly registry.get     'x-served-by': 'cache-v36-ASH, cache-fra1226-FRA',
22 silly registry.get     'x-cache': 'MISS, MISS',
22 silly registry.get     'x-cache-hits': '0, 0',
22 silly registry.get     'x-timer': 'S1397681987.257767677,VS0,VS48,VE56,VE102',
22 silly registry.get     'keep-alive': 'timeout=10, max=50',
22 silly registry.get     connection: 'Keep-Alive' } ]
23 silly lockFile d1102a36-socket-ioxv socket.ioxv@
24 silly lockFile d1102a36-socket-ioxv socket.ioxv@
25 error 404 'socket.ioxv' is not in the npm registry.
25 error 404 You should bug the author to publish it
25 error 404
25 error 404 Note that you can also install from a
25 error 404 tarball, folder, or http url, or git url.
26 error System Darwin 13.1.0
27 error command "/usr/local/Cellar/node/0.10.25/bin/node" "/usr/local/bin/npm" "install" "-g" "socket.ioxv"
28 error cwd /Users/m/Dev/OTSRM/FogOfWar/server
29 error node -v v0.10.25
30 error npm -v 1.3.24
31 error code E404
32 verbose exit [ 1, true ]
